<?xml version="1.0" encoding="UTF-8"?>
<!-- Generated by org.testng.reporters.JUnitReportReporter -->
<testsuite skipped="0" hostname="DESKTOP-UPFI8QV" name="com.training.sanity.tests.LoginTests" tests="1" failures="0" timestamp="06 Jan 2019 15:34:20 GMT" time="13.598" errors="0">
  <testcase name="validLoginTest" time="13.598" classname="com.training.sanity.tests.LoginTests"/>
</testsuite> <!-- com.training.sanity.tests.LoginTests -->
