<?xml version="1.0" encoding="UTF-8"?>
<!-- Generated by org.testng.reporters.JUnitReportReporter -->
<testsuite skipped="0" hostname="DESKTOP-UPFI8QV" name="com.training.sanity.tests.reportbysearchTest39" tests="2" failures="0" timestamp="02 Jan 2019 11:56:36 GMT" time="41.811" errors="0">
  <testcase name="validLoginTest" time="6.074" classname="com.training.sanity.tests.reportbysearchTest39"/>
  <testcase name="validreportTest" time="35.737" classname="com.training.sanity.tests.reportbysearchTest39"/>
</testsuite> <!-- com.training.sanity.tests.reportbysearchTest39 -->
