<?xml version="1.0" encoding="UTF-8"?>
<!-- Generated by org.testng.reporters.JUnitReportReporter -->
<testsuite skipped="0" hostname="DESKTOP-UPFI8QV" name="com.training.sanity.tests.unsubscribe_Test" tests="2" failures="0" timestamp="21 Dec 2018 08:31:18 GMT" time="21.939" errors="0">
  <testcase name="validAddCourse" time="5.061" classname="com.training.sanity.tests.unsubscribe_Test"/>
  <testcase name="validunsubscribe" time="16.878" classname="com.training.sanity.tests.unsubscribe_Test"/>
</testsuite> <!-- com.training.sanity.tests.unsubscribe_Test -->
