<?xml version="1.0" encoding="UTF-8"?>
<!-- Generated by org.testng.reporters.JUnitReportReporter -->
<testsuite skipped="0" hostname="DESKTOP-UPFI8QV" name="com.training.sanity.tests.newgroup_Test38" tests="4" failures="0" timestamp="31 Dec 2018 10:42:51 GMT" time="31.950" errors="0">
  <testcase name="validLoginTest" time="5.360" classname="com.training.sanity.tests.newgroup_Test38"/>
  <testcase name="validnewgroupTest" time="9.417" classname="com.training.sanity.tests.newgroup_Test38"/>
  <testcase name="validnewmemberTest" time="9.417" classname="com.training.sanity.tests.newgroup_Test38"/>
  <testcase name="valideditTest" time="7.756" classname="com.training.sanity.tests.newgroup_Test38"/>
</testsuite> <!-- com.training.sanity.tests.newgroup_Test38 -->
