<?xml version="1.0" encoding="UTF-8"?>
<!-- Generated by org.testng.reporters.JUnitReportReporter -->
<testsuite skipped="0" hostname="DESKTOP-UPFI8QV" name="com.training.sanity.tests.LoginTests" tests="1" failures="0" timestamp="21 Dec 2018 08:15:49 GMT" time="16.199" errors="0">
  <testcase name="validLoginTest" time="16.199" classname="com.training.sanity.tests.LoginTests"/>
</testsuite> <!-- com.training.sanity.tests.LoginTests -->
