<?xml version="1.0" encoding="UTF-8"?>
<!-- Generated by org.testng.reporters.JUnitReportReporter -->
<testsuite skipped="0" hostname="DESKTOP-UPFI8QV" name="com.training.sanity.tests.adddescription_test" tests="2" failures="0" timestamp="06 Jan 2019 15:36:07 GMT" time="29.529" errors="0">
  <testcase name="validloginTest" time="3.740" classname="com.training.sanity.tests.adddescription_test"/>
  <testcase name="validAdddescTest" time="25.789" classname="com.training.sanity.tests.adddescription_test"/>
</testsuite> <!-- com.training.sanity.tests.adddescription_test -->
