<?xml version="1.0" encoding="UTF-8"?>
<!-- Generated by org.testng.reporters.JUnitReportReporter -->
<testsuite skipped="0" hostname="DESKTOP-UPFI8QV" name="com.training.sanity.tests.addcourse_Test" tests="1" failures="0" timestamp="02 Jan 2019 04:49:53 GMT" time="58.739" errors="0">
  <testcase name="validAddCourse" time="58.739" classname="com.training.sanity.tests.addcourse_Test"/>
</testsuite> <!-- com.training.sanity.tests.addcourse_Test -->
