<?xml version="1.0" encoding="UTF-8"?>
<!-- Generated by org.testng.reporters.JUnitReportReporter -->
<testsuite skipped="0" hostname="DESKTOP-UPFI8QV" name="com.training.sanity.tests.adddescription_test" tests="1" failures="0" timestamp="21 Dec 2018 08:23:04 GMT" time="41.217" errors="0">
  <testcase name="validAdddesc" time="41.217" classname="com.training.sanity.tests.adddescription_test"/>
</testsuite> <!-- com.training.sanity.tests.adddescription_test -->
