<?xml version="1.0" encoding="UTF-8"?>
<!-- Generated by org.testng.reporters.JUnitReportReporter -->
<testsuite skipped="0" hostname="DESKTOP-UPFI8QV" name="com.training.sanity.tests.unsubscribe_Test" tests="2" failures="0" timestamp="06 Jan 2019 15:02:34 GMT" time="12.135" errors="0">
  <testcase name="validAddCourse" time="3.432" classname="com.training.sanity.tests.unsubscribe_Test"/>
  <testcase name="validunsubscribe" time="8.703" classname="com.training.sanity.tests.unsubscribe_Test"/>
</testsuite> <!-- com.training.sanity.tests.unsubscribe_Test -->
