<?xml version="1.0" encoding="UTF-8"?>
<!-- Generated by org.testng.reporters.JUnitReportReporter -->
<testsuite skipped="0" hostname="DESKTOP-UPFI8QV" name="com.training.sanity.tests.Reporting_Test37" tests="2" failures="0" timestamp="02 Jan 2019 11:38:01 GMT" time="37.684" errors="0">
  <testcase name="validLoginTest" time="4.853" classname="com.training.sanity.tests.Reporting_Test37"/>
  <testcase name="validreportTest" time="32.831" classname="com.training.sanity.tests.Reporting_Test37"/>
</testsuite> <!-- com.training.sanity.tests.Reporting_Test37 -->
