<?xml version="1.0" encoding="UTF-8"?>
<!-- Generated by org.testng.reporters.JUnitReportReporter -->
<testsuite skipped="0" hostname="DESKTOP-UPFI8QV" name="com.training.sanity.tests.addcourse_Test" tests="2" failures="0" timestamp="06 Jan 2019 15:35:15 GMT" time="37.836" errors="0">
  <testcase name="validAddCoursetest" time="6.651" classname="com.training.sanity.tests.addcourse_Test"/>
  <testcase name="validAddtest" time="31.185" classname="com.training.sanity.tests.addcourse_Test"/>
</testsuite> <!-- com.training.sanity.tests.addcourse_Test -->
