<?xml version="1.0" encoding="UTF-8"?>
<!-- Generated by org.testng.reporters.JUnitReportReporter -->
<testsuite skipped="0" hostname="DESKTOP-UPFI8QV" name="com.training.sanity.tests.newgroup_Test" tests="4" failures="0" timestamp="28 Dec 2018 08:44:47 GMT" time="25.952" errors="0">
  <testcase name="validLoginTest" time="3.921" classname="com.training.sanity.tests.newgroup_Test"/>
  <testcase name="validnewgroupTest" time="7.696" classname="com.training.sanity.tests.newgroup_Test"/>
  <testcase name="validnewmemberTest" time="7.148" classname="com.training.sanity.tests.newgroup_Test"/>
  <testcase name="valideditTest" time="7.187" classname="com.training.sanity.tests.newgroup_Test"/>
</testsuite> <!-- com.training.sanity.tests.newgroup_Test -->
