<?xml version="1.0" encoding="UTF-8"?>
<!-- Generated by org.testng.reporters.JUnitReportReporter -->
<testsuite skipped="0" hostname="DESKTOP-UPFI8QV" name="com.training.sanity.tests.searchcourse_Test" tests="2" failures="0" timestamp="21 Dec 2018 09:07:31 GMT" time="18.786" errors="0">
  <testcase name="validAddCourse" time="9.398" classname="com.training.sanity.tests.searchcourse_Test"/>
  <testcase name="validcataloguesearch" time="9.388" classname="com.training.sanity.tests.searchcourse_Test"/>
</testsuite> <!-- com.training.sanity.tests.searchcourse_Test -->
