<?xml version="1.0" encoding="UTF-8"?>
<!-- Generated by org.testng.reporters.JUnitReportReporter -->
<testsuite skipped="0" hostname="DESKTOP-UPFI8QV" name="com.training.sanity.tests.newproject_Test" tests="4" failures="0" timestamp="27 Dec 2018 11:22:18 GMT" time="45.529" errors="0">
  <testcase name="validLoginTest" time="5.205" classname="com.training.sanity.tests.newproject_Test"/>
  <testcase name="validProjectTest1" time="26.280" classname="com.training.sanity.tests.newproject_Test"/>
  <testcase name="validProjectTest2" time="9.902" classname="com.training.sanity.tests.newproject_Test"/>
  <testcase name="validProjectTest3" time="4.142" classname="com.training.sanity.tests.newproject_Test"/>
</testsuite> <!-- com.training.sanity.tests.newproject_Test -->
